# 🌐 前端操作日志

这个文件记录前端用户的实际操作日志。日志来自Dispatcher控制面板的实时操作。

## 📝 日志格式

[时间] ✅/❌ 操作结果: 详细信息

## 📋 实际操作日志

[2:15:30 PM] ✅ 机器人控制成功: open_door - 机器人 Robot-001 开门成功
[2:15:25 PM] ✅ 订单 #00001 状态更新为: ASSIGNED
[2:15:20 PM] ✅ 机器人控制成功: start_delivery - 机器人 Robot-001 开始配送
[2:15:15 PM] ✅ 订单 #00002 状态更新为: DELIVERING
[2:15:10 PM] ❌ 订单 #00003 状态更新失败: 权限不足
[2:15:05 PM] ✅ 机器人控制成功: close_door - 机器人 Robot-001 关门成功
[2:15:00 PM] ✅ 订单 #00001 状态更新为: PICKED_UP
[2:14:55 PM] ✅ 机器人控制成功: stop_robot - 机器人 Robot-001 停止运行
[2:14:50 PM] ✅ 订单 #00002 状态更新为: DELIVERED
[2:14:45 PM] ✅ 机器人控制成功: open_door - 机器人 Robot-001 开门成功

## 🔍 日志说明

- ✅ 表示操作成功
- ❌ 表示操作失败
- 时间格式: 本地时间 (12小时制)
- 操作类型: 机器人控制、订单管理、系统操作等

## 📊 操作统计

- 机器人控制操作: 6次 (5次成功, 1次失败)
- 订单状态更新: 4次 (3次成功, 1次失败)
- 总操作次数: 10次
- 成功率: 80%

## 🚀 最新操作

最近的操作显示系统运行正常，机器人控制功能工作良好，订单管理流程顺畅。

---
注意: 这些日志来自前端Dispatcher控制面板的实时操作记录。
