[2025-07-30 20:56:14] INFO: 🤖 启动 CulverBot 快递车客户端 (Mac模拟版)
[2025-07-30 20:56:14] INFO: GPIO控制器初始化完成 (Mac模拟模式)
[2025-07-30 20:56:14] ERROR: 无法打开摄像头 0
[2025-07-30 20:56:14] INFO: 注册回调函数: loading_button
[2025-07-30 20:56:14] INFO: 注册回调函数: delivery_button
[2025-07-30 20:56:14] INFO: 注册回调函数: emergency_stop
[2025-07-30 20:56:14] INFO: 注册摄像头回调: qr_scanned
[2025-07-30 20:56:14] INFO: 🚀 启动快递车客户端...
[2025-07-30 20:56:14] ERROR: 服务器连接失败: HTTP 401
[2025-07-30 20:56:14] ERROR: ❌ 无法连接到服务器，请检查配置
[2025-07-30 20:56:14] INFO: 🛑 停止快递车客户端...
[2025-07-30 20:56:14] INFO: 停止二维码扫描
[2025-07-30 20:56:14] INFO: 摄像头资源清理完成
[2025-07-30 20:56:14] INFO: GPIO模拟器清理完成
[2025-07-30 20:56:14] INFO: ✅ 快递车客户端已停止
[2025-07-30 20:57:26] INFO: 🤖 启动 CulverBot 快递车客户端 (Mac模拟版)
[2025-07-30 20:57:26] INFO: GPIO控制器初始化完成 (Mac模拟模式)
[2025-07-30 20:57:28] INFO: 摄像头初始化完成
[2025-07-30 20:57:28] INFO: 注册回调函数: loading_button
[2025-07-30 20:57:28] INFO: 注册回调函数: delivery_button
[2025-07-30 20:57:28] INFO: 注册回调函数: emergency_stop
[2025-07-30 20:57:28] INFO: 注册摄像头回调: qr_scanned
[2025-07-30 20:57:28] INFO: 🚀 启动快递车客户端...
[2025-07-30 20:57:28] ERROR: 服务器连接失败: HTTP 401
[2025-07-30 20:57:28] WARNING: ⚠️ 无法连接到服务器，将以演示模式运行
[2025-07-30 20:57:28] INFO: 📱 演示模式说明:
[2025-07-30 20:57:28] INFO:    - 可以测试所有模拟功能
[2025-07-30 20:57:28] INFO:    - 可以测试二维码扫描
[2025-07-30 20:57:28] INFO:    - 服务器连接功能将被跳过
[2025-07-30 20:57:28] INFO: 开始二维码扫描
[2025-07-30 20:57:28] INFO: 💡 模拟状态LED: 亮起
[2025-07-30 20:57:28] INFO: 📦 模拟装货LED: 熄灭
[2025-07-30 20:57:28] INFO: 🚚 模拟配送LED: 熄灭
[2025-07-30 20:57:28] INFO: 🤖 机器人状态: 空闲
[2025-07-30 20:57:28] INFO: ✅ 快递车客户端启动成功
[2025-07-30 20:57:28] INFO: 📱 模拟操作说明:
[2025-07-30 20:57:28] INFO:    - 输入 'loading' 模拟装货按钮
[2025-07-30 20:57:28] INFO:    - 输入 'delivery' 模拟开始配送按钮
[2025-07-30 20:57:28] INFO:    - 输入 'emergency' 模拟紧急停止
[2025-07-30 20:57:28] INFO:    - 输入 'door_open' 模拟开门
[2025-07-30 20:57:28] INFO:    - 输入 'door_close' 模拟关门
[2025-07-30 20:57:28] INFO:    - 输入 'test_qr' 模拟二维码扫描
[2025-07-30 20:57:28] INFO:    - 输入 'quit' 退出程序
[2025-07-30 20:58:05] INFO: 🔍 模拟二维码扫描...
[2025-07-30 20:58:05] INFO: 📱 模拟二维码扫描...
[2025-07-30 20:58:05] INFO: 📋 扫描到二维码数据: {'order_id': 1, 'student_id': 2, 'student_name': '张三', 'delivery_building': '宿舍楼A', 'delivery_room': '101', 'package_type': '书籍', 'signature': 'abc123def456ghi789'}
[2025-07-30 20:58:24] INFO: 👋 用户请求退出
[2025-07-30 20:58:24] INFO: 🛑 停止快递车客户端...
[2025-07-30 20:58:24] INFO: 停止二维码扫描
[2025-07-30 20:58:25] INFO: 摄像头资源清理完成
[2025-07-30 20:58:25] INFO: GPIO模拟器清理完成
[2025-07-30 20:58:25] INFO: ✅ 快递车客户端已停止
[2025-07-30 20:58:37] INFO: 🤖 启动 CulverBot 快递车客户端 (Mac模拟版)
[2025-07-30 20:58:37] INFO: GPIO控制器初始化完成 (Mac模拟模式)
[2025-07-30 20:58:39] INFO: 摄像头初始化完成
[2025-07-30 20:58:39] INFO: 注册回调函数: loading_button
[2025-07-30 20:58:39] INFO: 注册回调函数: delivery_button
[2025-07-30 20:58:39] INFO: 注册回调函数: emergency_stop
[2025-07-30 20:58:39] INFO: 注册摄像头回调: qr_scanned
[2025-07-30 20:58:39] INFO: 🚀 启动快递车客户端...
[2025-07-30 20:58:39] ERROR: 服务器连接失败: HTTP 401
[2025-07-30 20:58:39] WARNING: ⚠️ 无法连接到服务器，将以演示模式运行
[2025-07-30 20:58:39] INFO: 📱 演示模式说明:
[2025-07-30 20:58:39] INFO:    - 可以测试所有模拟功能
[2025-07-30 20:58:39] INFO:    - 可以测试二维码扫描
[2025-07-30 20:58:39] INFO:    - 服务器连接功能将被跳过
[2025-07-30 20:58:39] INFO: 开始二维码扫描
[2025-07-30 20:58:39] INFO: 💡 模拟状态LED: 亮起
[2025-07-30 20:58:39] INFO: 📦 模拟装货LED: 熄灭
[2025-07-30 20:58:39] INFO: 🚚 模拟配送LED: 熄灭
[2025-07-30 20:58:39] INFO: 🤖 机器人状态: 空闲
[2025-07-30 20:58:39] INFO: ✅ 快递车客户端启动成功
[2025-07-30 20:58:39] INFO: 📱 模拟操作说明:
[2025-07-30 20:58:39] INFO:    - 输入 'loading' 模拟装货按钮
[2025-07-30 20:58:39] INFO:    - 输入 'delivery' 模拟开始配送按钮
[2025-07-30 20:58:39] INFO:    - 输入 'emergency' 模拟紧急停止
[2025-07-30 20:58:39] INFO:    - 输入 'door_open' 模拟开门
[2025-07-30 20:58:39] INFO:    - 输入 'door_close' 模拟关门
[2025-07-30 20:58:39] INFO:    - 输入 'test_qr' 模拟二维码扫描
[2025-07-30 20:58:39] INFO:    - 输入 'quit' 退出程序
[2025-07-30 20:58:46] INFO: 🚪 模拟门状态: 打开
[2025-07-30 20:58:46] INFO: 🚪 模拟开门操作
[2025-07-30 20:58:53] INFO: 👋 用户请求退出
[2025-07-30 20:58:53] INFO: 🛑 停止快递车客户端...
[2025-07-30 20:58:53] INFO: 停止二维码扫描
[2025-07-30 20:58:54] INFO: 摄像头资源清理完成
[2025-07-30 20:58:54] INFO: GPIO模拟器清理完成
[2025-07-30 20:58:54] INFO: ✅ 快递车客户端已停止
[2025-07-30 21:03:55] INFO: 🤖 启动 CulverBot 快递车客户端 (Pygame GUI版)
[2025-07-30 21:03:55] INFO: GPIO控制器初始化完成 (Mac模拟模式)
[2025-07-30 21:03:56] INFO: 摄像头初始化完成
[2025-07-30 21:03:56] INFO: 注册回调函数: loading_button
[2025-07-30 21:03:56] INFO: 注册回调函数: delivery_button
[2025-07-30 21:03:56] INFO: 注册回调函数: emergency_stop
[2025-07-30 21:03:56] INFO: 注册摄像头回调: qr_scanned
[2025-07-30 21:03:56] ERROR: 服务器连接失败: HTTP 401
[2025-07-30 21:03:56] INFO: 开始二维码扫描
[2025-07-30 21:03:56] INFO: 💡 模拟状态LED: 亮起
[2025-07-30 21:03:56] INFO: 📦 模拟装货LED: 熄灭
[2025-07-30 21:03:56] INFO: 🚚 模拟配送LED: 熄灭
[2025-07-30 21:04:20] INFO: 停止二维码扫描
[2025-07-30 21:04:20] INFO: 摄像头资源清理完成
[2025-07-30 21:04:20] INFO: GPIO模拟器清理完成
[2025-07-30 21:04:20] INFO: 停止二维码扫描
[2025-07-30 21:04:20] INFO: 摄像头资源清理完成
[2025-07-30 21:04:20] INFO: GPIO模拟器清理完成
[2025-07-30 21:17:17] INFO: 🤖 Starting CulverBot Delivery Robot Client (Pygame GUI)
[2025-07-30 21:17:17] INFO: GPIO控制器初始化完成 (Mac模拟模式)
[2025-07-30 21:17:19] INFO: 摄像头初始化完成
[2025-07-30 21:17:19] INFO: 注册回调函数: loading_button
[2025-07-30 21:17:19] INFO: 注册回调函数: delivery_button
[2025-07-30 21:17:19] INFO: 注册回调函数: emergency_stop
[2025-07-30 21:17:19] INFO: 注册摄像头回调: qr_scanned
[2025-07-30 21:17:19] ERROR: 服务器连接失败: HTTP 401
[2025-07-30 21:17:19] INFO: 开始二维码扫描
[2025-07-30 21:17:19] INFO: 💡 模拟状态LED: 亮起
[2025-07-30 21:17:19] INFO: 📦 模拟装货LED: 熄灭
[2025-07-30 21:17:19] INFO: 🚚 模拟配送LED: 熄灭
[2025-07-30 21:17:22] INFO: 🔘 模拟装货按钮被按下
[2025-07-30 21:17:22] INFO: 🔊 模拟蜂鸣器模式: [0.1, 0.1, 0.1]
[2025-07-30 21:17:36] INFO: 🚪 模拟门状态: 打开
[2025-07-30 21:17:36] INFO: 🚪 模拟开门操作
[2025-07-30 21:17:37] INFO: 🚪 模拟门状态: 打开
[2025-07-30 21:17:37] INFO: 🚪 模拟开门操作
[2025-07-30 21:17:38] INFO: 🚪 模拟门状态: 关闭
[2025-07-30 21:17:38] INFO: 🚪 模拟关门操作
[2025-07-30 21:17:40] INFO: 📱 模拟二维码扫描...
[2025-07-30 21:17:40] INFO: 📋 扫描到二维码数据: {'order_id': 1, 'student_id': 2, 'student_name': '张三', 'delivery_building': '宿舍楼A', 'delivery_room': '101', 'package_type': '书籍', 'signature': 'abc123def456ghi789'}
[2025-07-30 21:17:43] INFO: 🔘 模拟装货按钮被按下
[2025-07-30 21:17:43] INFO: 🔊 模拟蜂鸣器模式: [0.1, 0.1, 0.1]
[2025-07-30 21:17:45] INFO: 📱 模拟二维码扫描...
[2025-07-30 21:17:45] INFO: 📋 扫描到二维码数据: {'order_id': 1, 'student_id': 2, 'student_name': '张三', 'delivery_building': '宿舍楼A', 'delivery_room': '101', 'package_type': '书籍', 'signature': 'abc123def456ghi789'}
[2025-07-30 21:17:46] INFO: 📱 模拟二维码扫描...
[2025-07-30 21:17:46] INFO: 📋 扫描到二维码数据: {'order_id': 1, 'student_id': 2, 'student_name': '张三', 'delivery_building': '宿舍楼A', 'delivery_room': '101', 'package_type': '书籍', 'signature': 'abc123def456ghi789'}
[2025-07-30 21:17:48] INFO: 📱 模拟二维码扫描...
[2025-07-30 21:17:48] INFO: 📋 扫描到二维码数据: {'order_id': 1, 'student_id': 2, 'student_name': '张三', 'delivery_building': '宿舍楼A', 'delivery_room': '101', 'package_type': '书籍', 'signature': 'abc123def456ghi789'}
[2025-07-30 21:17:50] INFO: 🔘 模拟装货按钮被按下
[2025-07-30 21:17:50] INFO: 🔊 模拟蜂鸣器模式: [0.1, 0.1, 0.1]
[2025-07-30 21:17:51] INFO: 🔘 模拟装货按钮被按下
[2025-07-30 21:17:51] INFO: 🔊 模拟蜂鸣器模式: [0.1, 0.1, 0.1]
[2025-07-30 21:18:01] INFO: 🔘 模拟开始配送按钮被按下
[2025-07-30 21:18:01] INFO: 🔊 模拟蜂鸣器模式: [0.1, 0.1, 0.1]
[2025-07-30 21:18:02] WARNING: 🔘 模拟紧急停止按钮被按下！
[2025-07-30 21:18:02] INFO: 🔊 模拟蜂鸣器模式: [0.5, 0.2, 0.5, 0.2, 0.5]
[2025-07-30 21:18:05] INFO: 停止二维码扫描
[2025-07-30 21:18:06] INFO: 摄像头资源清理完成
[2025-07-30 21:18:06] INFO: GPIO模拟器清理完成
[2025-07-30 21:18:06] INFO: 停止二维码扫描
[2025-07-30 21:18:06] INFO: 摄像头资源清理完成
[2025-07-30 21:18:06] INFO: GPIO模拟器清理完成
[2025-07-30 21:24:44] INFO: 🤖 Starting CulverBot Delivery Robot Client (Enhanced Pygame GUI)
[2025-07-30 21:24:44] INFO: GPIO控制器初始化完成 (Mac模拟模式)
[2025-07-30 21:24:45] INFO: 摄像头初始化完成
[2025-07-30 21:24:45] INFO: 注册回调函数: loading_button
[2025-07-30 21:24:45] INFO: 注册回调函数: delivery_button
[2025-07-30 21:24:45] INFO: 注册回调函数: emergency_stop
[2025-07-30 21:24:45] INFO: 注册摄像头回调: qr_scanned
[2025-07-30 21:24:45] ERROR: 服务器连接失败: HTTP 401
[2025-07-30 21:24:45] INFO: 开始二维码扫描
[2025-07-30 21:24:45] INFO: 💡 模拟状态LED: 亮起
[2025-07-30 21:24:45] INFO: 📦 模拟装货LED: 熄灭
[2025-07-30 21:24:45] INFO: 🚚 模拟配送LED: 熄灭
[2025-07-30 21:28:12] INFO: 🔊 模拟蜂鸣器响 0.2秒
[2025-07-30 21:28:12] INFO: 🔊 模拟蜂鸣器响 0.2秒
[2025-07-30 21:28:12] INFO: 🔊 模拟蜂鸣器响 0.2秒
[2025-07-30 21:28:13] INFO: 🔊 模拟蜂鸣器响 0.2秒
[2025-07-30 21:28:13] INFO: 🔊 模拟蜂鸣器响 0.2秒
[2025-07-30 21:28:14] INFO: 🔊 模拟蜂鸣器响 0.2秒
[2025-07-30 21:28:14] INFO: 🔊 模拟蜂鸣器响 0.2秒
[2025-07-30 21:28:32] INFO: 🔊 模拟蜂鸣器响 0.2秒
[2025-07-30 21:28:32] INFO: 🔊 模拟蜂鸣器响 0.2秒
[2025-07-30 21:28:33] INFO: 🔊 模拟蜂鸣器响 0.2秒
[2025-07-30 21:28:33] INFO: 🔊 模拟蜂鸣器响 0.2秒
[2025-07-30 21:28:33] INFO: 🔊 模拟蜂鸣器响 0.2秒
[2025-07-30 21:28:40] INFO: 🚪 模拟门状态: 打开
[2025-07-30 21:28:40] INFO: 🚪 模拟开门操作
[2025-07-30 21:29:05] INFO: 🔘 模拟开始配送按钮被按下
[2025-07-30 21:29:05] INFO: 🔊 模拟蜂鸣器模式: [0.1, 0.1, 0.1]
[2025-07-30 21:29:10] WARNING: 🔘 模拟紧急停止按钮被按下！
[2025-07-30 21:29:10] INFO: 🔊 模拟蜂鸣器模式: [0.5, 0.2, 0.5, 0.2, 0.5]
[2025-07-30 21:29:13] INFO: 停止二维码扫描
[2025-07-30 21:29:13] INFO: 摄像头资源清理完成
[2025-07-30 21:29:13] INFO: GPIO模拟器清理完成
[2025-07-30 21:29:13] INFO: 停止二维码扫描
[2025-07-30 21:29:13] INFO: 摄像头资源清理完成
[2025-07-30 21:29:13] INFO: GPIO模拟器清理完成
[2025-07-30 21:37:15] INFO: 🤖 Starting CulverBot Delivery Robot Client (Enhanced Pygame GUI)
[2025-07-30 21:37:15] INFO: GPIO控制器初始化完成 (Mac模拟模式)
[2025-07-30 21:37:16] INFO: 摄像头初始化完成
[2025-07-30 21:37:16] INFO: 注册回调函数: loading_button
[2025-07-30 21:37:16] INFO: 注册回调函数: delivery_button
[2025-07-30 21:37:16] INFO: 注册回调函数: emergency_stop
[2025-07-30 21:37:16] INFO: 注册摄像头回调: qr_scanned
[2025-07-30 21:37:16] ERROR: 服务器连接失败: HTTP 401
[2025-07-30 21:37:16] INFO: 开始二维码扫描
[2025-07-30 21:37:16] INFO: 💡 模拟状态LED: 亮起
[2025-07-30 21:37:16] INFO: 📦 模拟装货LED: 熄灭
[2025-07-30 21:37:16] INFO: 🚚 模拟配送LED: 熄灭
[2025-07-30 21:45:31] INFO: 停止二维码扫描
[2025-07-30 21:45:31] INFO: 摄像头资源清理完成
[2025-07-30 21:45:31] INFO: GPIO模拟器清理完成
[2025-07-30 21:45:31] INFO: 停止二维码扫描
[2025-07-30 21:45:31] INFO: 摄像头资源清理完成
[2025-07-30 21:45:31] INFO: GPIO模拟器清理完成
[2025-07-30 21:48:36] INFO: 🤖 Starting CulverBot Delivery Robot Client (Enhanced Pygame GUI)
[2025-07-30 21:48:36] INFO: GPIO控制器初始化完成 (Mac模拟模式)
[2025-07-30 21:48:38] INFO: 摄像头初始化完成
[2025-07-30 21:48:38] INFO: 注册回调函数: loading_button
[2025-07-30 21:48:38] INFO: 注册回调函数: delivery_button
[2025-07-30 21:48:38] INFO: 注册回调函数: emergency_stop
[2025-07-30 21:48:38] INFO: 注册摄像头回调: qr_scanned
[2025-07-30 21:48:38] ERROR: 服务器连接失败: HTTP 401
[2025-07-30 21:48:38] INFO: 开始二维码扫描
[2025-07-30 21:48:38] INFO: 💡 模拟状态LED: 亮起
[2025-07-30 21:48:38] INFO: 📦 模拟装货LED: 熄灭
[2025-07-30 21:48:38] INFO: 🚚 模拟配送LED: 熄灭
[2025-07-30 21:56:07] INFO: 🔊 模拟蜂鸣器响 0.2秒
[2025-07-30 21:56:07] INFO: 🚪 模拟门状态: 打开
[2025-07-30 21:56:07] INFO: 🚪 模拟开门操作
[2025-07-30 21:57:06] INFO: 🔊 模拟蜂鸣器响 0.2秒
[2025-07-30 21:57:06] INFO: 🚪 模拟门状态: 打开
[2025-07-30 21:57:06] INFO: 🚪 模拟开门操作
[2025-07-30 21:57:07] INFO: 🚪 模拟门状态: 关闭
[2025-07-30 21:57:07] INFO: 🚪 模拟关门操作
[2025-07-30 21:57:07] ERROR: 网络请求失败: HTTPConnectionPool(host='localhost', port=8000): Max retries exceeded with url: /api/dispatch/orders/1/ (Caused by NewConnectionError('<urllib3.connection.HTTPConnection object at 0x10c9d6e40>: Failed to establish a new connection: [Errno 61] Connection refused'))
[2025-07-30 21:57:56] INFO: 🔊 模拟蜂鸣器响 0.2秒
[2025-07-30 21:57:57] INFO: 🚪 模拟门状态: 打开
[2025-07-30 21:57:57] INFO: 🚪 模拟开门操作
[2025-07-30 21:58:06] INFO: 🚪 模拟门状态: 关闭
[2025-07-30 21:58:06] INFO: 🚪 模拟关门操作
[2025-07-30 21:58:06] ERROR: 网络请求失败: HTTPConnectionPool(host='localhost', port=8000): Max retries exceeded with url: /api/dispatch/orders/1/ (Caused by NewConnectionError('<urllib3.connection.HTTPConnection object at 0x10c9d79e0>: Failed to establish a new connection: [Errno 61] Connection refused'))
[2025-07-30 21:58:57] INFO: 🚪 模拟门状态: 关闭
[2025-07-30 21:58:57] INFO: 🚪 模拟关门操作
[2025-07-30 21:58:57] ERROR: 更新订单状态失败: HTTP 401
[2025-07-30 21:59:22] INFO: 停止二维码扫描
[2025-07-30 21:59:22] INFO: 摄像头资源清理完成
[2025-07-30 21:59:22] INFO: GPIO模拟器清理完成
[2025-07-30 21:59:22] INFO: 停止二维码扫描
[2025-07-30 21:59:22] INFO: 摄像头资源清理完成
[2025-07-30 21:59:22] INFO: GPIO模拟器清理完成
[2025-07-30 21:59:31] INFO: 🤖 Starting CulverBot Delivery Robot Client (Enhanced Pygame GUI)
[2025-07-30 21:59:31] INFO: GPIO控制器初始化完成 (Mac模拟模式)
[2025-07-30 21:59:33] INFO: 摄像头初始化完成
[2025-07-30 21:59:33] INFO: ✅ 机器人认证成功
[2025-07-30 21:59:33] INFO: 注册回调函数: loading_button
[2025-07-30 21:59:33] INFO: 注册回调函数: delivery_button
[2025-07-30 21:59:33] INFO: 注册回调函数: emergency_stop
[2025-07-30 21:59:33] INFO: 注册摄像头回调: qr_scanned
[2025-07-30 21:59:38] INFO: 服务器连接正常
[2025-07-30 21:59:38] INFO: 开始二维码扫描
[2025-07-30 21:59:38] INFO: 💡 模拟状态LED: 亮起
[2025-07-30 21:59:38] INFO: 📦 模拟装货LED: 熄灭
[2025-07-30 21:59:38] INFO: 🚚 模拟配送LED: 熄灭
[2025-07-30 21:59:38] INFO: 获取订单成功，订单数量: 1
[2025-07-30 21:59:38] INFO: 💡 模拟状态LED: 亮起
[2025-07-30 21:59:38] INFO: 📦 模拟装货LED: 亮起
[2025-07-30 21:59:38] INFO: 🚚 模拟配送LED: 熄灭
[2025-07-30 21:59:38] INFO: 🔊 模拟蜂鸣器响 0.2秒
[2025-07-30 21:59:43] INFO: 获取订单成功，订单数量: 1
[2025-07-30 21:59:48] INFO: 获取订单成功，订单数量: 1
[2025-07-30 21:59:53] INFO: 获取订单成功，订单数量: 1
[2025-07-30 21:59:59] INFO: 获取订单成功，订单数量: 1
[2025-07-30 22:00:04] INFO: 获取订单成功，订单数量: 1
[2025-07-30 22:00:09] INFO: 获取订单成功，订单数量: 1
[2025-07-30 22:00:14] INFO: 获取订单成功，订单数量: 1
[2025-07-30 22:00:19] INFO: 获取订单成功，订单数量: 1
[2025-07-30 22:00:24] INFO: 获取订单成功，订单数量: 1
[2025-07-30 22:00:29] INFO: 获取订单成功，订单数量: 1
[2025-07-30 22:00:34] INFO: 获取订单成功，订单数量: 0
[2025-07-30 22:00:39] INFO: 获取订单成功，订单数量: 0
[2025-07-30 22:00:44] INFO: 获取订单成功，订单数量: 0
[2025-07-30 22:00:49] INFO: 获取订单成功，订单数量: 0
[2025-07-30 22:00:54] INFO: 获取订单成功，订单数量: 1
[2025-07-30 22:00:54] INFO: 🔊 模拟蜂鸣器响 0.2秒
[2025-07-30 22:00:59] INFO: 获取订单成功，订单数量: 1
[2025-07-30 22:01:04] INFO: 获取订单成功，订单数量: 1
[2025-07-30 22:01:09] INFO: 获取订单成功，订单数量: 1
[2025-07-30 22:01:14] INFO: 获取订单成功，订单数量: 1
[2025-07-30 22:01:19] INFO: 获取订单成功，订单数量: 1
[2025-07-30 22:01:24] INFO: 获取订单成功，订单数量: 1
[2025-07-30 22:01:29] INFO: 获取订单成功，订单数量: 1
[2025-07-30 22:01:34] INFO: 获取订单成功，订单数量: 1
[2025-07-30 22:01:39] INFO: 获取订单成功，订单数量: 1
[2025-07-30 22:01:44] INFO: 获取订单成功，订单数量: 1
[2025-07-30 22:01:49] INFO: 获取订单成功，订单数量: 1
[2025-07-30 22:01:54] INFO: 获取订单成功，订单数量: 1
[2025-07-30 22:01:59] INFO: 获取订单成功，订单数量: 1
[2025-07-30 22:02:04] INFO: 获取订单成功，订单数量: 1
[2025-07-30 22:02:09] INFO: 获取订单成功，订单数量: 1
[2025-07-30 22:02:14] INFO: 获取订单成功，订单数量: 1
[2025-07-30 22:02:19] INFO: 获取订单成功，订单数量: 1
[2025-07-30 22:02:24] INFO: 获取订单成功，订单数量: 1
[2025-07-30 22:02:29] INFO: 获取订单成功，订单数量: 0
[2025-07-30 22:02:34] INFO: 获取订单成功，订单数量: 0
[2025-07-30 22:02:39] INFO: 获取订单成功，订单数量: 0
[2025-07-30 22:02:44] INFO: 获取订单成功，订单数量: 0
[2025-07-30 22:02:49] INFO: 获取订单成功，订单数量: 0
[2025-07-30 22:02:54] INFO: 获取订单成功，订单数量: 0
[2025-07-30 22:02:59] INFO: 获取订单成功，订单数量: 1
[2025-07-30 22:02:59] INFO: 🔊 模拟蜂鸣器响 0.2秒
[2025-07-30 22:03:05] INFO: 获取订单成功，订单数量: 1
[2025-07-30 22:03:10] INFO: 获取订单成功，订单数量: 1
[2025-07-30 22:03:15] INFO: 获取订单成功，订单数量: 1
[2025-07-30 22:03:20] INFO: 获取订单成功，订单数量: 1
[2025-07-30 22:03:25] INFO: 获取订单成功，订单数量: 2
[2025-07-30 22:03:25] INFO: 🔊 模拟蜂鸣器响 0.2秒
[2025-07-30 22:03:30] INFO: 获取订单成功，订单数量: 2
[2025-07-30 22:03:35] INFO: 获取订单成功，订单数量: 2
[2025-07-30 22:03:40] INFO: 获取订单成功，订单数量: 2
[2025-07-30 22:03:45] INFO: 获取订单成功，订单数量: 2
[2025-07-30 22:03:50] INFO: 获取订单成功，订单数量: 2
[2025-07-30 22:03:55] INFO: 获取订单成功，订单数量: 2
[2025-07-30 22:04:00] INFO: 获取订单成功，订单数量: 2
[2025-07-30 22:04:05] INFO: 获取订单成功，订单数量: 2
[2025-07-30 22:04:10] INFO: 获取订单成功，订单数量: 2
[2025-07-30 22:04:15] INFO: 获取订单成功，订单数量: 2
[2025-07-30 22:04:20] INFO: 获取订单成功，订单数量: 2
[2025-07-30 22:04:25] INFO: 获取订单成功，订单数量: 2
[2025-07-30 22:04:30] INFO: 获取订单成功，订单数量: 2
[2025-07-30 22:04:35] INFO: 获取订单成功，订单数量: 2
[2025-07-30 22:04:37] INFO: 停止二维码扫描
[2025-07-30 22:04:37] INFO: 摄像头资源清理完成
[2025-07-30 22:04:37] INFO: GPIO模拟器清理完成
[2025-07-30 22:04:37] INFO: 停止二维码扫描
[2025-07-30 22:04:37] INFO: 摄像头资源清理完成
[2025-07-30 22:04:37] INFO: GPIO模拟器清理完成
[2025-07-30 22:09:18] INFO: 🤖 Starting CulverBot Delivery Robot Client (Enhanced Pygame GUI)
[2025-07-30 22:09:18] INFO: GPIO控制器初始化完成 (Mac模拟模式)
[2025-07-30 22:09:19] INFO: 摄像头初始化完成
[2025-07-30 22:09:19] INFO: ✅ 机器人认证成功
[2025-07-30 22:09:19] INFO: 注册回调函数: loading_button
[2025-07-30 22:09:19] INFO: 注册回调函数: delivery_button
[2025-07-30 22:09:19] INFO: 注册回调函数: emergency_stop
[2025-07-30 22:09:19] INFO: 注册摄像头回调: qr_scanned
[2025-07-30 22:09:19] INFO: 服务器连接正常
[2025-07-30 22:09:19] INFO: 开始二维码扫描
[2025-07-30 22:09:19] INFO: 💡 模拟状态LED: 亮起
[2025-07-30 22:09:19] INFO: 📦 模拟装货LED: 熄灭
[2025-07-30 22:09:19] INFO: 🚚 模拟配送LED: 熄灭
[2025-07-30 22:09:24] INFO: 获取订单成功，订单数量: 2
[2025-07-30 22:09:24] INFO: 💡 模拟状态LED: 亮起
[2025-07-30 22:09:24] INFO: 📦 模拟装货LED: 亮起
[2025-07-30 22:09:24] INFO: 🚚 模拟配送LED: 熄灭
[2025-07-30 22:09:24] INFO: 🔊 模拟蜂鸣器响 0.2秒
[2025-07-30 22:09:30] INFO: 获取订单成功，订单数量: 2
[2025-07-30 22:09:35] INFO: 获取订单成功，订单数量: 2
[2025-07-30 22:09:40] INFO: 获取订单成功，订单数量: 2
[2025-07-30 22:09:45] INFO: 获取订单成功，订单数量: 2
[2025-07-30 22:09:50] INFO: 获取订单成功，订单数量: 2
[2025-07-30 22:09:55] INFO: 获取订单成功，订单数量: 2
[2025-07-30 22:10:00] INFO: 获取订单成功，订单数量: 2
[2025-07-30 22:10:05] INFO: 获取订单成功，订单数量: 2
[2025-07-30 22:10:10] INFO: 获取订单成功，订单数量: 2
[2025-07-30 22:10:15] INFO: 获取订单成功，订单数量: 2
[2025-07-30 22:10:20] INFO: 获取订单成功，订单数量: 2
[2025-07-30 22:10:25] INFO: 获取订单成功，订单数量: 2
[2025-07-30 22:10:30] INFO: 获取订单成功，订单数量: 2
[2025-07-30 22:10:35] INFO: 获取订单成功，订单数量: 2
[2025-07-30 22:10:40] INFO: 获取订单成功，订单数量: 2
[2025-07-30 22:10:45] INFO: 获取订单成功，订单数量: 2
[2025-07-30 22:10:50] INFO: 获取订单成功，订单数量: 2
[2025-07-30 22:10:55] INFO: 获取订单成功，订单数量: 2
[2025-07-30 22:11:00] INFO: 获取订单成功，订单数量: 2
[2025-07-30 22:11:05] INFO: 获取订单成功，订单数量: 2
[2025-07-30 22:11:10] INFO: 获取订单成功，订单数量: 2
[2025-07-30 22:11:15] INFO: 获取订单成功，订单数量: 2
[2025-07-30 22:11:20] INFO: 获取订单成功，订单数量: 2
[2025-07-30 22:11:25] INFO: 获取订单成功，订单数量: 2
[2025-07-30 22:11:30] INFO: 获取订单成功，订单数量: 2
[2025-07-30 22:11:35] INFO: 获取订单成功，订单数量: 2
[2025-07-30 22:11:40] INFO: 获取订单成功，订单数量: 2
[2025-07-30 22:11:45] INFO: 获取订单成功，订单数量: 2
[2025-07-30 22:11:50] INFO: 获取订单成功，订单数量: 2
[2025-07-30 22:11:55] INFO: 获取订单成功，订单数量: 2
[2025-07-30 22:12:00] INFO: 获取订单成功，订单数量: 2
[2025-07-30 22:12:05] INFO: 获取订单成功，订单数量: 2
[2025-07-30 22:12:10] INFO: 获取订单成功，订单数量: 2
[2025-07-30 22:12:15] INFO: 获取订单成功，订单数量: 2
[2025-07-30 22:12:20] INFO: 获取订单成功，订单数量: 2
[2025-07-30 22:12:25] INFO: 获取订单成功，订单数量: 2
[2025-07-30 22:12:30] INFO: 获取订单成功，订单数量: 2
[2025-07-30 22:12:35] INFO: 获取订单成功，订单数量: 2
[2025-07-30 22:12:40] INFO: 获取订单成功，订单数量: 2
[2025-07-30 22:12:45] INFO: 获取订单成功，订单数量: 2
[2025-07-30 22:12:50] INFO: 获取订单成功，订单数量: 2
[2025-07-30 22:12:55] INFO: 获取订单成功，订单数量: 2
[2025-07-30 22:13:00] INFO: 获取订单成功，订单数量: 2
[2025-07-30 22:13:05] INFO: 获取订单成功，订单数量: 2
[2025-07-30 22:13:10] INFO: 获取订单成功，订单数量: 2
[2025-07-30 22:13:15] INFO: 获取订单成功，订单数量: 2
[2025-07-30 22:13:20] INFO: 获取订单成功，订单数量: 2
[2025-07-30 22:13:22] INFO: 停止二维码扫描
[2025-07-30 22:13:22] INFO: 摄像头资源清理完成
[2025-07-30 22:13:22] INFO: GPIO模拟器清理完成
[2025-07-30 22:13:22] INFO: 停止二维码扫描
[2025-07-30 22:13:22] INFO: 摄像头资源清理完成
[2025-07-30 22:13:22] INFO: GPIO模拟器清理完成
[2025-07-30 22:18:06] INFO: GPIO控制器初始化完成 (Mac模拟模式)
[2025-07-30 22:18:07] INFO: 摄像头初始化完成
[2025-07-30 22:18:07] INFO: ✅ 机器人认证成功
[2025-07-30 22:19:16] INFO: GPIO控制器初始化完成 (Mac模拟模式)
[2025-07-30 22:19:17] INFO: 摄像头初始化完成
[2025-07-30 22:19:17] INFO: ✅ 机器人认证成功
[2025-07-30 22:28:09] INFO: GPIO控制器初始化完成 (Mac模拟模式)
[2025-07-30 22:28:11] INFO: 摄像头初始化完成
[2025-07-30 22:28:11] INFO: ✅ 机器人认证成功
[2025-07-30 22:28:19] INFO: GPIO控制器初始化完成 (Mac模拟模式)
[2025-07-30 22:28:20] INFO: 摄像头初始化完成
[2025-07-30 22:28:20] INFO: ✅ 机器人认证成功
[2025-07-30 22:28:21] INFO: 获取订单成功，订单数量: 2
[2025-07-30 22:28:29] INFO: GPIO控制器初始化完成 (Mac模拟模式)
[2025-07-30 22:28:31] INFO: 摄像头初始化完成
[2025-07-30 22:28:31] INFO: ✅ 机器人认证成功
[2025-07-30 22:29:21] INFO: GPIO控制器初始化完成 (Mac模拟模式)
[2025-07-30 22:29:22] INFO: 摄像头初始化完成
[2025-07-30 22:29:23] INFO: ✅ 机器人认证成功
[2025-07-30 22:29:29] INFO: GPIO控制器初始化完成 (Mac模拟模式)
[2025-07-30 22:29:31] INFO: 摄像头初始化完成
[2025-07-30 22:29:31] INFO: ✅ 机器人认证成功
[2025-07-30 22:31:42] INFO: GPIO控制器初始化完成 (Mac模拟模式)
[2025-07-30 22:31:42] INFO: ✅ 机器人认证成功
[2025-07-31 16:15:42] INFO: ✅ 机器人认证成功
[2025-07-31 16:15:42] INFO: GPIO控制器初始化完成 (Mac模拟模式)
[2025-07-31 16:15:44] INFO: 摄像头初始化完成
[2025-07-31 16:15:44] INFO: 🚀 增强版机器人客户端启动完成
[2025-07-31 16:15:44] INFO: 获取订单成功，订单数量: 1
[2025-07-31 16:15:44] INFO: 🔔 收到新订单!
[2025-07-31 16:15:44] INFO: 🔊 模拟蜂鸣器响 0.3秒
[2025-07-31 16:15:44] INFO: 状态更新成功: 状态更新成功
[2025-07-31 16:15:44] INFO: 📍 位置: Warehouse, 🔋 电池: 100%
[2025-07-31 16:15:44] INFO: 💡 模拟状态LED: 亮起
[2025-07-31 16:15:44] INFO: 状态更新成功: 状态更新成功
[2025-07-31 16:15:47] INFO: 获取订单成功，订单数量: 1
[2025-07-31 16:15:49] INFO: 状态更新成功: 状态更新成功
[2025-07-31 16:15:49] INFO: 📍 位置: Warehouse, 🔋 电池: 100%
[2025-07-31 16:15:50] INFO: 获取订单成功，订单数量: 1
[2025-07-31 16:15:53] INFO: 获取订单成功，订单数量: 1
[2025-07-31 16:15:54] INFO: 状态更新成功: 状态更新成功
[2025-07-31 16:15:54] INFO: 📍 位置: Warehouse, 🔋 电池: 100%
[2025-07-31 16:15:56] INFO: 获取订单成功，订单数量: 1
[2025-07-31 16:15:59] INFO: 状态更新成功: 状态更新成功
[2025-07-31 16:15:59] INFO: 📍 位置: Warehouse, 🔋 电池: 100%
[2025-07-31 16:15:59] INFO: 获取订单成功，订单数量: 1
[2025-07-31 16:16:02] INFO: 获取订单成功，订单数量: 1
[2025-07-31 16:16:04] INFO: 状态更新成功: 状态更新成功
[2025-07-31 16:16:04] INFO: 📍 位置: Warehouse, 🔋 电池: 100%
[2025-07-31 16:16:05] INFO: 获取订单成功，订单数量: 1
[2025-07-31 16:16:08] INFO: 获取订单成功，订单数量: 1
[2025-07-31 16:16:09] INFO: 状态更新成功: 状态更新成功
[2025-07-31 16:16:09] INFO: 📍 位置: Warehouse, 🔋 电池: 100%
[2025-07-31 16:16:11] INFO: 获取订单成功，订单数量: 1
[2025-07-31 16:16:14] INFO: 状态更新成功: 状态更新成功
[2025-07-31 16:16:14] INFO: 📍 位置: Warehouse, 🔋 电池: 100%
[2025-07-31 16:16:14] INFO: 获取订单成功，订单数量: 1
[2025-07-31 16:16:17] INFO: 获取订单成功，订单数量: 1
[2025-07-31 16:16:19] INFO: 状态更新成功: 状态更新成功
[2025-07-31 16:16:19] INFO: 📍 位置: Warehouse, 🔋 电池: 100%
[2025-07-31 16:16:20] INFO: 获取订单成功，订单数量: 1
[2025-07-31 16:16:23] INFO: 获取订单成功，订单数量: 1
[2025-07-31 16:16:24] INFO: 状态更新成功: 状态更新成功
[2025-07-31 16:16:24] INFO: 📍 位置: Warehouse, 🔋 电池: 100%
[2025-07-31 16:16:26] INFO: 获取订单成功，订单数量: 1
[2025-07-31 16:16:29] INFO: 状态更新成功: 状态更新成功
[2025-07-31 16:16:29] INFO: 📍 位置: Warehouse, 🔋 电池: 100%
[2025-07-31 16:16:29] INFO: 获取订单成功，订单数量: 1
[2025-07-31 16:16:32] INFO: 获取订单成功，订单数量: 1
[2025-07-31 16:16:34] INFO: 状态更新成功: 状态更新成功
[2025-07-31 16:16:34] INFO: 📍 位置: Warehouse, 🔋 电池: 100%
[2025-07-31 16:16:36] INFO: 获取订单成功，订单数量: 1
[2025-07-31 16:16:39] INFO: 获取订单成功，订单数量: 1
[2025-07-31 16:16:39] INFO: 状态更新成功: 状态更新成功
[2025-07-31 16:16:39] INFO: 📍 位置: Warehouse, 🔋 电池: 100%
[2025-07-31 16:16:42] INFO: 获取订单成功，订单数量: 1
[2025-07-31 16:16:44] INFO: 状态更新成功: 状态更新成功
[2025-07-31 16:16:44] INFO: 📍 位置: Warehouse, 🔋 电池: 100%
[2025-07-31 16:16:45] INFO: 获取订单成功，订单数量: 1
[2025-07-31 16:16:48] INFO: 获取订单成功，订单数量: 1
[2025-07-31 16:16:49] INFO: 状态更新成功: 状态更新成功
[2025-07-31 16:16:49] INFO: 📍 位置: Warehouse, 🔋 电池: 100%
[2025-07-31 16:16:51] INFO: 获取订单成功，订单数量: 1
[2025-07-31 16:16:54] INFO: 获取订单成功，订单数量: 1
[2025-07-31 16:16:54] INFO: 状态更新成功: 状态更新成功
[2025-07-31 16:16:54] INFO: 📍 位置: Warehouse, 🔋 电池: 100%
[2025-07-31 16:16:57] INFO: 获取订单成功，订单数量: 1
[2025-07-31 16:16:59] INFO: 状态更新成功: 状态更新成功
[2025-07-31 16:16:59] INFO: 📍 位置: Warehouse, 🔋 电池: 100%
[2025-07-31 16:17:00] INFO: 获取订单成功，订单数量: 1
[2025-07-31 16:17:03] INFO: 获取订单成功，订单数量: 1
[2025-07-31 16:17:04] INFO: 状态更新成功: 状态更新成功
[2025-07-31 16:17:04] INFO: 📍 位置: Warehouse, 🔋 电池: 100%
[2025-07-31 16:17:06] INFO: 获取订单成功，订单数量: 1
[2025-07-31 16:17:09] INFO: 获取订单成功，订单数量: 1
[2025-07-31 16:17:09] INFO: 状态更新成功: 状态更新成功
[2025-07-31 16:17:09] INFO: 📍 位置: Warehouse, 🔋 电池: 100%
[2025-07-31 16:17:12] INFO: 获取订单成功，订单数量: 1
[2025-07-31 16:17:14] INFO: 状态更新成功: 状态更新成功
[2025-07-31 16:17:14] INFO: 📍 位置: Warehouse, 🔋 电池: 100%
[2025-07-31 16:17:15] INFO: 获取订单成功，订单数量: 1
[2025-07-31 16:17:18] INFO: 获取订单成功，订单数量: 1
[2025-07-31 16:17:19] INFO: 状态更新成功: 状态更新成功
[2025-07-31 16:17:19] INFO: 📍 位置: Warehouse, 🔋 电池: 100%
[2025-07-31 16:17:21] INFO: 获取订单成功，订单数量: 1
[2025-07-31 16:17:24] INFO: 获取订单成功，订单数量: 1
[2025-07-31 16:17:24] INFO: 状态更新成功: 状态更新成功
[2025-07-31 16:17:24] INFO: 📍 位置: Warehouse, 🔋 电池: 100%
[2025-07-31 16:17:27] INFO: 获取订单成功，订单数量: 1
[2025-07-31 16:17:30] INFO: 状态更新成功: 状态更新成功
[2025-07-31 16:17:30] INFO: 📍 位置: Warehouse, 🔋 电池: 100%
[2025-07-31 16:17:30] INFO: 获取订单成功，订单数量: 1
[2025-07-31 16:17:33] INFO: 获取订单成功，订单数量: 1
[2025-07-31 16:17:35] INFO: 状态更新成功: 状态更新成功
[2025-07-31 16:17:35] INFO: 📍 位置: Warehouse, 🔋 电池: 100%
[2025-07-31 16:17:36] INFO: 获取订单成功，订单数量: 1
[2025-07-31 16:17:39] INFO: 获取订单成功，订单数量: 1
[2025-07-31 16:17:40] INFO: 状态更新成功: 状态更新成功
[2025-07-31 16:17:40] INFO: 📍 位置: Warehouse, 🔋 电池: 100%
[2025-07-31 16:17:42] INFO: 获取订单成功，订单数量: 1
[2025-07-31 16:17:45] INFO: 状态更新成功: 状态更新成功
[2025-07-31 16:17:45] INFO: 📍 位置: Warehouse, 🔋 电池: 100%
[2025-07-31 16:17:45] INFO: 获取订单成功，订单数量: 1
[2025-07-31 16:17:48] INFO: 获取订单成功，订单数量: 1
[2025-07-31 16:17:50] INFO: 状态更新成功: 状态更新成功
[2025-07-31 16:17:50] INFO: 📍 位置: Warehouse, 🔋 电池: 100%
[2025-07-31 16:17:51] INFO: 获取订单成功，订单数量: 1
[2025-07-31 16:17:54] INFO: 获取订单成功，订单数量: 1
[2025-07-31 16:17:55] INFO: 状态更新成功: 状态更新成功
[2025-07-31 16:17:55] INFO: 📍 位置: Warehouse, 🔋 电池: 100%
[2025-07-31 16:17:57] INFO: 获取订单成功，订单数量: 1
[2025-07-31 16:18:00] INFO: 状态更新成功: 状态更新成功
[2025-07-31 16:18:00] INFO: 📍 位置: Warehouse, 🔋 电池: 100%
[2025-07-31 16:18:00] INFO: 获取订单成功，订单数量: 1
[2025-07-31 16:18:03] INFO: 获取订单成功，订单数量: 1
[2025-07-31 16:18:05] INFO: 状态更新成功: 状态更新成功
[2025-07-31 16:18:05] INFO: 📍 位置: Warehouse, 🔋 电池: 100%
[2025-07-31 16:18:06] INFO: 获取订单成功，订单数量: 1
[2025-07-31 16:18:09] INFO: 获取订单成功，订单数量: 1
[2025-07-31 16:18:10] INFO: 状态更新成功: 状态更新成功
[2025-07-31 16:18:10] INFO: 📍 位置: Warehouse, 🔋 电池: 100%
[2025-07-31 16:18:12] INFO: 获取订单成功，订单数量: 1
[2025-07-31 16:18:15] INFO: 状态更新成功: 状态更新成功
[2025-07-31 16:18:15] INFO: 📍 位置: Warehouse, 🔋 电池: 100%
[2025-07-31 16:18:15] INFO: 获取订单成功，订单数量: 1
[2025-07-31 16:18:18] INFO: 获取订单成功，订单数量: 1
[2025-07-31 16:18:20] INFO: 状态更新成功: 状态更新成功
[2025-07-31 16:18:20] INFO: 📍 位置: Warehouse, 🔋 电池: 100%
[2025-07-31 16:18:21] INFO: 获取订单成功，订单数量: 1
[2025-07-31 16:18:24] INFO: 获取订单成功，订单数量: 1
[2025-07-31 16:18:25] INFO: 状态更新成功: 状态更新成功
[2025-07-31 16:18:25] INFO: 📍 位置: Warehouse, 🔋 电池: 100%
[2025-07-31 16:18:27] INFO: 获取订单成功，订单数量: 1
[2025-07-31 16:18:30] INFO: 状态更新成功: 状态更新成功
[2025-07-31 16:18:30] INFO: 📍 位置: Warehouse, 🔋 电池: 100%
[2025-07-31 16:18:30] INFO: 获取订单成功，订单数量: 1
[2025-07-31 16:18:33] INFO: 获取订单成功，订单数量: 1
[2025-07-31 16:18:35] INFO: 状态更新成功: 状态更新成功
[2025-07-31 16:18:35] INFO: 📍 位置: Warehouse, 🔋 电池: 100%
[2025-07-31 16:18:36] INFO: 获取订单成功，订单数量: 1
[2025-07-31 16:18:39] INFO: 获取订单成功，订单数量: 1
[2025-07-31 16:18:40] INFO: 状态更新成功: 状态更新成功
[2025-07-31 16:18:40] INFO: 📍 位置: Warehouse, 🔋 电池: 100%
[2025-07-31 16:18:42] INFO: 获取订单成功，订单数量: 1
[2025-07-31 16:18:45] INFO: 状态更新成功: 状态更新成功
[2025-07-31 16:18:45] INFO: 📍 位置: Warehouse, 🔋 电池: 100%
[2025-07-31 16:18:45] INFO: 获取订单成功，订单数量: 1
[2025-07-31 16:18:48] INFO: 获取订单成功，订单数量: 1
[2025-07-31 16:18:50] INFO: 状态更新成功: 状态更新成功
[2025-07-31 16:18:50] INFO: 📍 位置: Warehouse, 🔋 电池: 100%
[2025-07-31 16:18:51] INFO: 获取订单成功，订单数量: 1
[2025-07-31 16:18:54] INFO: 获取订单成功，订单数量: 1
[2025-07-31 16:18:55] INFO: 状态更新成功: 状态更新成功
[2025-07-31 16:18:55] INFO: 📍 位置: Warehouse, 🔋 电池: 100%
[2025-07-31 16:18:57] INFO: 获取订单成功，订单数量: 1
[2025-07-31 16:19:00] INFO: 状态更新成功: 状态更新成功
[2025-07-31 16:19:00] INFO: 📍 位置: Warehouse, 🔋 电池: 100%
[2025-07-31 16:19:00] INFO: 获取订单成功，订单数量: 1
[2025-07-31 16:19:03] INFO: 获取订单成功，订单数量: 1
[2025-07-31 16:19:05] INFO: 状态更新成功: 状态更新成功
[2025-07-31 16:19:05] INFO: 📍 位置: Warehouse, 🔋 电池: 100%
[2025-07-31 16:19:06] INFO: 获取订单成功，订单数量: 1
[2025-07-31 16:19:09] INFO: 获取订单成功，订单数量: 1
[2025-07-31 16:19:10] INFO: 状态更新成功: 状态更新成功
[2025-07-31 16:19:10] INFO: 📍 位置: Warehouse, 🔋 电池: 100%
[2025-07-31 16:19:12] INFO: 获取订单成功，订单数量: 1
[2025-07-31 16:19:15] INFO: 状态更新成功: 状态更新成功
[2025-07-31 16:19:15] INFO: 📍 位置: Warehouse, 🔋 电池: 100%
[2025-07-31 16:19:15] INFO: 获取订单成功，订单数量: 1
[2025-07-31 16:19:18] INFO: 获取订单成功，订单数量: 1
[2025-07-31 16:19:20] INFO: 状态更新成功: 状态更新成功
[2025-07-31 16:19:20] INFO: 📍 位置: Warehouse, 🔋 电池: 100%
[2025-07-31 16:19:22] INFO: 获取订单成功，订单数量: 1
[2025-07-31 16:19:25] INFO: 获取订单成功，订单数量: 1
[2025-07-31 16:19:25] INFO: 状态更新成功: 状态更新成功
[2025-07-31 16:19:25] INFO: 📍 位置: Warehouse, 🔋 电池: 100%
[2025-07-31 16:19:28] INFO: 获取订单成功，订单数量: 1
[2025-07-31 16:19:30] INFO: 状态更新成功: 状态更新成功
[2025-07-31 16:19:30] INFO: 📍 位置: Warehouse, 🔋 电池: 100%
[2025-07-31 16:19:31] INFO: 获取订单成功，订单数量: 1
[2025-07-31 16:19:34] INFO: 获取订单成功，订单数量: 1
[2025-07-31 16:19:35] INFO: 状态更新成功: 状态更新成功
[2025-07-31 16:19:35] INFO: 📍 位置: Warehouse, 🔋 电池: 100%
[2025-07-31 16:19:37] INFO: 获取订单成功，订单数量: 1
[2025-07-31 16:19:40] INFO: 获取订单成功，订单数量: 1
[2025-07-31 16:19:40] INFO: 状态更新成功: 状态更新成功
[2025-07-31 16:19:40] INFO: 📍 位置: Warehouse, 🔋 电池: 100%
[2025-07-31 16:19:43] INFO: 获取订单成功，订单数量: 1
[2025-07-31 16:19:45] INFO: 状态更新成功: 状态更新成功
[2025-07-31 16:19:45] INFO: 📍 位置: Warehouse, 🔋 电池: 100%
[2025-07-31 16:19:46] INFO: 获取订单成功，订单数量: 1
[2025-07-31 16:19:49] INFO: 获取订单成功，订单数量: 1
[2025-07-31 16:19:50] INFO: 状态更新成功: 状态更新成功
[2025-07-31 16:19:50] INFO: 📍 位置: Warehouse, 🔋 电池: 100%
[2025-07-31 16:19:52] INFO: 获取订单成功，订单数量: 1
[2025-07-31 16:19:55] INFO: 获取订单成功，订单数量: 1
[2025-07-31 16:19:55] INFO: 状态更新成功: 状态更新成功
[2025-07-31 16:19:55] INFO: 📍 位置: Warehouse, 🔋 电池: 100%
[2025-07-31 16:19:58] INFO: 获取订单成功，订单数量: 1
[2025-07-31 16:20:00] INFO: 状态更新成功: 状态更新成功
[2025-07-31 16:20:00] INFO: 📍 位置: Warehouse, 🔋 电池: 100%
[2025-07-31 16:20:01] INFO: 获取订单成功，订单数量: 1
[2025-07-31 16:20:04] INFO: 获取订单成功，订单数量: 1
[2025-07-31 16:20:05] INFO: 状态更新成功: 状态更新成功
[2025-07-31 16:20:05] INFO: 📍 位置: Warehouse, 🔋 电池: 100%
[2025-07-31 16:20:07] INFO: 获取订单成功，订单数量: 1
[2025-07-31 16:20:10] INFO: 获取订单成功，订单数量: 1
[2025-07-31 16:20:10] INFO: 状态更新成功: 状态更新成功
[2025-07-31 16:20:10] INFO: 📍 位置: Warehouse, 🔋 电池: 100%
[2025-07-31 16:20:13] INFO: 获取订单成功，订单数量: 1
[2025-07-31 16:20:15] INFO: 状态更新成功: 状态更新成功
[2025-07-31 16:20:15] INFO: 📍 位置: Warehouse, 🔋 电池: 100%
[2025-07-31 16:20:16] INFO: 获取订单成功，订单数量: 1
[2025-07-31 16:20:19] INFO: 获取订单成功，订单数量: 1
[2025-07-31 16:20:20] INFO: 状态更新成功: 状态更新成功
[2025-07-31 16:20:20] INFO: 📍 位置: Warehouse, 🔋 电池: 100%
[2025-07-31 16:20:22] INFO: 获取订单成功，订单数量: 1
[2025-07-31 16:20:25] INFO: 获取订单成功，订单数量: 1
[2025-07-31 16:20:25] INFO: 状态更新成功: 状态更新成功
[2025-07-31 16:20:25] INFO: 📍 位置: Warehouse, 🔋 电池: 100%
[2025-07-31 16:20:28] INFO: 获取订单成功，订单数量: 1
[2025-07-31 16:20:31] INFO: 状态更新成功: 状态更新成功
[2025-07-31 16:20:31] INFO: 📍 位置: Warehouse, 🔋 电池: 100%
[2025-07-31 16:20:31] INFO: 获取订单成功，订单数量: 1
[2025-07-31 16:20:34] INFO: 获取订单成功，订单数量: 1
[2025-07-31 16:20:36] INFO: 状态更新成功: 状态更新成功
[2025-07-31 16:20:36] INFO: 📍 位置: Warehouse, 🔋 电池: 100%
[2025-07-31 16:20:37] INFO: 获取订单成功，订单数量: 1
[2025-07-31 16:20:40] INFO: 获取订单成功，订单数量: 1
[2025-07-31 16:20:41] INFO: 状态更新成功: 状态更新成功
[2025-07-31 16:20:41] INFO: 📍 位置: Warehouse, 🔋 电池: 100%
[2025-07-31 16:20:43] INFO: 获取订单成功，订单数量: 1
[2025-07-31 16:20:46] INFO: 状态更新成功: 状态更新成功
[2025-07-31 16:20:46] INFO: 📍 位置: Warehouse, 🔋 电池: 100%
[2025-07-31 16:20:46] INFO: 获取订单成功，订单数量: 1
[2025-07-31 16:20:49] INFO: 获取订单成功，订单数量: 1
[2025-07-31 16:20:51] INFO: 状态更新成功: 状态更新成功
[2025-07-31 16:20:51] INFO: 📍 位置: Warehouse, 🔋 电池: 100%
[2025-07-31 16:20:52] INFO: 获取订单成功，订单数量: 1
[2025-07-31 16:20:55] INFO: 获取订单成功，订单数量: 1
[2025-07-31 16:20:56] INFO: 状态更新成功: 状态更新成功
[2025-07-31 16:20:56] INFO: 📍 位置: Warehouse, 🔋 电池: 100%
[2025-07-31 16:20:58] INFO: 获取订单成功，订单数量: 1
[2025-07-31 16:21:01] INFO: 状态更新成功: 状态更新成功
[2025-07-31 16:21:01] INFO: 📍 位置: Warehouse, 🔋 电池: 100%
[2025-07-31 16:21:01] INFO: 获取订单成功，订单数量: 1
[2025-07-31 16:21:04] INFO: 获取订单成功，订单数量: 1
[2025-07-31 16:21:06] INFO: 状态更新成功: 状态更新成功
[2025-07-31 16:21:06] INFO: 📍 位置: Warehouse, 🔋 电池: 100%
[2025-07-31 16:21:07] INFO: 获取订单成功，订单数量: 1
[2025-07-31 16:21:10] INFO: 获取订单成功，订单数量: 1
[2025-07-31 16:21:11] INFO: 状态更新成功: 状态更新成功
[2025-07-31 16:21:11] INFO: 📍 位置: Warehouse, 🔋 电池: 100%
[2025-07-31 16:21:13] INFO: 获取订单成功，订单数量: 1
[2025-07-31 16:21:16] INFO: 状态更新成功: 状态更新成功
[2025-07-31 16:21:16] INFO: 📍 位置: Warehouse, 🔋 电池: 100%
[2025-07-31 16:21:16] INFO: 获取订单成功，订单数量: 1
[2025-07-31 16:21:19] INFO: 获取订单成功，订单数量: 1
[2025-07-31 16:21:21] INFO: 状态更新成功: 状态更新成功
[2025-07-31 16:21:21] INFO: 📍 位置: Warehouse, 🔋 电池: 100%
[2025-07-31 16:21:22] INFO: 获取订单成功，订单数量: 1
[2025-07-31 16:21:25] INFO: 获取订单成功，订单数量: 1
[2025-07-31 16:21:26] INFO: 状态更新成功: 状态更新成功
[2025-07-31 16:21:26] INFO: 📍 位置: Warehouse, 🔋 电池: 100%
[2025-07-31 16:21:28] INFO: 获取订单成功，订单数量: 1
[2025-07-31 16:21:31] INFO: 状态更新成功: 状态更新成功
[2025-07-31 16:21:31] INFO: 📍 位置: Warehouse, 🔋 电池: 100%
[2025-07-31 16:21:31] INFO: 获取订单成功，订单数量: 1
[2025-07-31 16:21:34] INFO: 获取订单成功，订单数量: 1
[2025-07-31 16:21:36] INFO: 状态更新成功: 状态更新成功
[2025-07-31 16:21:36] INFO: 📍 位置: Warehouse, 🔋 电池: 100%
[2025-07-31 16:21:37] INFO: 获取订单成功，订单数量: 1
[2025-07-31 16:21:40] INFO: 获取订单成功，订单数量: 1
[2025-07-31 16:21:41] INFO: 状态更新成功: 状态更新成功
[2025-07-31 16:21:41] INFO: 📍 位置: Warehouse, 🔋 电池: 100%
[2025-07-31 16:21:43] INFO: 获取订单成功，订单数量: 1
[2025-07-31 16:21:46] INFO: 状态更新成功: 状态更新成功
[2025-07-31 16:21:46] INFO: 📍 位置: Warehouse, 🔋 电池: 100%
[2025-07-31 16:21:46] INFO: 获取订单成功，订单数量: 1
[2025-07-31 16:21:49] INFO: 获取订单成功，订单数量: 1
[2025-07-31 16:21:51] INFO: 状态更新成功: 状态更新成功
[2025-07-31 16:21:51] INFO: 📍 位置: Warehouse, 🔋 电池: 100%
[2025-07-31 16:21:52] INFO: 获取订单成功，订单数量: 1
[2025-07-31 16:21:55] INFO: 获取订单成功，订单数量: 1
[2025-07-31 16:21:56] INFO: 状态更新成功: 状态更新成功
[2025-07-31 16:21:56] INFO: 📍 位置: Warehouse, 🔋 电池: 100%
[2025-07-31 16:21:58] INFO: 获取订单成功，订单数量: 1
[2025-07-31 16:22:01] INFO: 状态更新成功: 状态更新成功
[2025-07-31 16:22:01] INFO: 📍 位置: Warehouse, 🔋 电池: 100%
[2025-07-31 16:22:01] INFO: 获取订单成功，订单数量: 1
[2025-07-31 16:22:05] INFO: 获取订单成功，订单数量: 1
[2025-07-31 16:22:06] INFO: 状态更新成功: 状态更新成功
[2025-07-31 16:22:06] INFO: 📍 位置: Warehouse, 🔋 电池: 100%
[2025-07-31 16:22:08] INFO: 获取订单成功，订单数量: 1
[2025-07-31 16:22:11] INFO: 获取订单成功，订单数量: 1
[2025-07-31 16:22:11] INFO: 状态更新成功: 状态更新成功
[2025-07-31 16:22:11] INFO: 📍 位置: Warehouse, 🔋 电池: 100%
[2025-07-31 16:22:14] INFO: 获取订单成功，订单数量: 1
[2025-07-31 16:22:16] INFO: 状态更新成功: 状态更新成功
[2025-07-31 16:22:16] INFO: 📍 位置: Warehouse, 🔋 电池: 100%
[2025-07-31 16:22:17] INFO: 获取订单成功，订单数量: 1
[2025-07-31 16:22:20] INFO: 获取订单成功，订单数量: 1
[2025-07-31 16:22:21] INFO: 状态更新成功: 状态更新成功
[2025-07-31 16:22:21] INFO: 📍 位置: Warehouse, 🔋 电池: 100%
[2025-07-31 16:22:23] INFO: 获取订单成功，订单数量: 1
[2025-07-31 16:22:26] INFO: 获取订单成功，订单数量: 1
[2025-07-31 16:22:26] INFO: 状态更新成功: 状态更新成功
[2025-07-31 16:22:26] INFO: 📍 位置: Warehouse, 🔋 电池: 100%
[2025-07-31 16:22:29] INFO: 获取订单成功，订单数量: 1
[2025-07-31 16:22:31] INFO: 状态更新成功: 状态更新成功
[2025-07-31 16:22:31] INFO: 📍 位置: Warehouse, 🔋 电池: 100%
[2025-07-31 16:22:32] INFO: 获取订单成功，订单数量: 1
[2025-07-31 16:22:35] INFO: 获取订单成功，订单数量: 1
[2025-07-31 16:22:36] INFO: 状态更新成功: 状态更新成功
[2025-07-31 16:22:36] INFO: 📍 位置: Warehouse, 🔋 电池: 100%
[2025-07-31 16:22:38] INFO: 获取订单成功，订单数量: 1
[2025-07-31 16:22:41] INFO: 获取订单成功，订单数量: 1
[2025-07-31 16:22:41] INFO: 状态更新成功: 状态更新成功
[2025-07-31 16:22:41] INFO: 📍 位置: Warehouse, 🔋 电池: 100%
[2025-07-31 16:22:44] INFO: 获取订单成功，订单数量: 1
[2025-07-31 16:22:46] INFO: 状态更新成功: 状态更新成功
[2025-07-31 16:22:46] INFO: 📍 位置: Warehouse, 🔋 电池: 100%
[2025-07-31 16:22:47] INFO: 获取订单成功，订单数量: 1
[2025-07-31 16:22:50] INFO: 获取订单成功，订单数量: 1
[2025-07-31 16:22:51] INFO: 状态更新成功: 状态更新成功
[2025-07-31 16:22:51] INFO: 📍 位置: Warehouse, 🔋 电池: 100%
[2025-07-31 16:22:53] INFO: 获取订单成功，订单数量: 1
[2025-07-31 16:22:56] INFO: 获取订单成功，订单数量: 1
[2025-07-31 16:22:56] INFO: 状态更新成功: 状态更新成功
[2025-07-31 16:22:56] INFO: 📍 位置: Warehouse, 🔋 电池: 100%
[2025-07-31 16:22:59] INFO: 获取订单成功，订单数量: 1
[2025-07-31 16:23:01] INFO: 状态更新成功: 状态更新成功
[2025-07-31 16:23:01] INFO: 📍 位置: Warehouse, 🔋 电池: 100%
[2025-07-31 16:23:02] INFO: 获取订单成功，订单数量: 1
[2025-07-31 16:23:05] INFO: 获取订单成功，订单数量: 1
[2025-07-31 16:23:06] INFO: 状态更新成功: 状态更新成功
[2025-07-31 16:23:06] INFO: 📍 位置: Warehouse, 🔋 电池: 100%
[2025-07-31 16:23:08] INFO: 获取订单成功，订单数量: 1
[2025-07-31 16:23:11] INFO: 获取订单成功，订单数量: 1
[2025-07-31 16:23:11] INFO: 状态更新成功: 状态更新成功
[2025-07-31 16:23:11] INFO: 📍 位置: Warehouse, 🔋 电池: 100%
[2025-07-31 16:23:14] INFO: 获取订单成功，订单数量: 1
[2025-07-31 16:23:16] INFO: 状态更新成功: 状态更新成功
[2025-07-31 16:23:16] INFO: 📍 位置: Warehouse, 🔋 电池: 100%
[2025-07-31 16:23:17] INFO: 获取订单成功，订单数量: 1
[2025-07-31 16:23:20] INFO: 获取订单成功，订单数量: 1
[2025-07-31 16:23:22] INFO: 状态更新成功: 状态更新成功
[2025-07-31 16:23:22] INFO: 📍 位置: Warehouse, 🔋 电池: 100%
[2025-07-31 16:23:23] INFO: 获取订单成功，订单数量: 1
[2025-07-31 16:23:26] INFO: 获取订单成功，订单数量: 1
[2025-07-31 16:23:27] INFO: 状态更新成功: 状态更新成功
[2025-07-31 16:23:27] INFO: 📍 位置: Warehouse, 🔋 电池: 100%
[2025-07-31 16:23:29] INFO: 获取订单成功，订单数量: 1
[2025-07-31 16:23:32] INFO: 状态更新成功: 状态更新成功
[2025-07-31 16:23:32] INFO: 📍 位置: Warehouse, 🔋 电池: 100%
[2025-07-31 16:23:32] INFO: 获取订单成功，订单数量: 1
[2025-07-31 16:23:35] INFO: 获取订单成功，订单数量: 1
[2025-07-31 16:23:37] INFO: 状态更新成功: 状态更新成功
[2025-07-31 16:23:37] INFO: 📍 位置: Warehouse, 🔋 电池: 100%
[2025-07-31 16:23:38] INFO: 获取订单成功，订单数量: 1
[2025-07-31 16:23:41] INFO: 获取订单成功，订单数量: 1
[2025-07-31 16:23:42] INFO: 状态更新成功: 状态更新成功
[2025-07-31 16:23:42] INFO: 📍 位置: Warehouse, 🔋 电池: 100%
[2025-07-31 16:23:44] INFO: 获取订单成功，订单数量: 1
[2025-07-31 16:23:47] INFO: 状态更新成功: 状态更新成功
[2025-07-31 16:23:47] INFO: 📍 位置: Warehouse, 🔋 电池: 100%
[2025-07-31 16:23:47] INFO: 获取订单成功，订单数量: 1
[2025-07-31 16:23:50] INFO: 获取订单成功，订单数量: 1
[2025-07-31 16:23:52] INFO: 状态更新成功: 状态更新成功
[2025-07-31 16:23:52] INFO: 📍 位置: Warehouse, 🔋 电池: 100%
[2025-07-31 16:23:53] INFO: 获取订单成功，订单数量: 1
[2025-07-31 16:23:56] INFO: 获取订单成功，订单数量: 1
[2025-07-31 16:23:57] INFO: 状态更新成功: 状态更新成功
[2025-07-31 16:23:57] INFO: 📍 位置: Warehouse, 🔋 电池: 100%
[2025-07-31 16:23:59] INFO: 获取订单成功，订单数量: 1
[2025-07-31 16:24:02] INFO: 状态更新成功: 状态更新成功
[2025-07-31 16:24:02] INFO: 📍 位置: Warehouse, 🔋 电池: 100%
[2025-07-31 16:24:02] INFO: 获取订单成功，订单数量: 1
[2025-07-31 16:24:05] INFO: 获取订单成功，订单数量: 1
[2025-07-31 16:24:07] INFO: 状态更新成功: 状态更新成功
[2025-07-31 16:24:07] INFO: 📍 位置: Warehouse, 🔋 电池: 100%
[2025-07-31 16:24:08] INFO: 获取订单成功，订单数量: 1
[2025-07-31 16:24:11] INFO: 获取订单成功，订单数量: 1
[2025-07-31 16:24:12] INFO: 状态更新成功: 状态更新成功
[2025-07-31 16:24:12] INFO: 📍 位置: Warehouse, 🔋 电池: 100%
[2025-07-31 16:24:14] INFO: 获取订单成功，订单数量: 1
[2025-07-31 16:24:17] INFO: 状态更新成功: 状态更新成功
[2025-07-31 16:24:17] INFO: 📍 位置: Warehouse, 🔋 电池: 100%
[2025-07-31 16:24:17] INFO: 获取订单成功，订单数量: 1
[2025-07-31 16:24:20] INFO: 获取订单成功，订单数量: 1
[2025-07-31 16:24:22] INFO: 状态更新成功: 状态更新成功
[2025-07-31 16:24:22] INFO: 📍 位置: Warehouse, 🔋 电池: 100%
[2025-07-31 16:24:23] INFO: 获取订单成功，订单数量: 1
[2025-07-31 16:24:26] INFO: 获取订单成功，订单数量: 1
[2025-07-31 16:24:27] INFO: 状态更新成功: 状态更新成功
[2025-07-31 16:24:27] INFO: 📍 位置: Warehouse, 🔋 电池: 100%
[2025-07-31 16:24:29] INFO: 获取订单成功，订单数量: 1
[2025-07-31 16:24:32] INFO: 状态更新成功: 状态更新成功
[2025-07-31 16:24:32] INFO: 📍 位置: Warehouse, 🔋 电池: 100%
[2025-07-31 16:24:32] INFO: 获取订单成功，订单数量: 1
[2025-07-31 16:24:35] INFO: 获取订单成功，订单数量: 1
[2025-07-31 16:24:37] INFO: 状态更新成功: 状态更新成功
[2025-07-31 16:24:37] INFO: 📍 位置: Warehouse, 🔋 电池: 100%
[2025-07-31 16:24:38] INFO: 获取订单成功，订单数量: 1
[2025-07-31 16:24:41] INFO: 获取订单成功，订单数量: 1
[2025-07-31 16:24:42] INFO: 状态更新成功: 状态更新成功
[2025-07-31 16:24:42] INFO: 📍 位置: Warehouse, 🔋 电池: 100%
[2025-07-31 16:24:44] INFO: 获取订单成功，订单数量: 1
[2025-07-31 16:24:47] INFO: 状态更新成功: 状态更新成功
[2025-07-31 16:24:47] INFO: 📍 位置: Warehouse, 🔋 电池: 100%
[2025-07-31 16:24:47] INFO: 获取订单成功，订单数量: 1
[2025-07-31 16:24:50] INFO: 获取订单成功，订单数量: 1
[2025-07-31 16:24:52] INFO: 状态更新成功: 状态更新成功
[2025-07-31 16:24:52] INFO: 📍 位置: Warehouse, 🔋 电池: 100%
[2025-07-31 16:24:53] INFO: 获取订单成功，订单数量: 1
[2025-07-31 16:24:56] INFO: 获取订单成功，订单数量: 1
[2025-07-31 16:24:57] INFO: 状态更新成功: 状态更新成功
[2025-07-31 16:24:57] INFO: 📍 位置: Warehouse, 🔋 电池: 100%
[2025-07-31 16:25:00] INFO: 获取订单成功，订单数量: 1
[2025-07-31 16:25:02] INFO: 状态更新成功: 状态更新成功
[2025-07-31 16:25:02] INFO: 📍 位置: Warehouse, 🔋 电池: 100%
[2025-07-31 16:25:03] INFO: 获取订单成功，订单数量: 1
[2025-07-31 16:25:06] INFO: 获取订单成功，订单数量: 1
[2025-07-31 16:25:07] INFO: 状态更新成功: 状态更新成功
[2025-07-31 16:25:07] INFO: 📍 位置: Warehouse, 🔋 电池: 100%
[2025-07-31 16:25:09] INFO: 获取订单成功，订单数量: 1
[2025-07-31 16:25:12] INFO: 获取订单成功，订单数量: 1
[2025-07-31 16:25:12] INFO: 状态更新成功: 状态更新成功
[2025-07-31 16:25:12] INFO: 📍 位置: Warehouse, 🔋 电池: 100%
[2025-07-31 16:25:15] INFO: 获取订单成功，订单数量: 1
[2025-07-31 16:25:17] INFO: 状态更新成功: 状态更新成功
[2025-07-31 16:25:17] INFO: 📍 位置: Warehouse, 🔋 电池: 100%
[2025-07-31 16:25:18] INFO: 获取订单成功，订单数量: 1
[2025-07-31 16:25:21] INFO: 获取订单成功，订单数量: 1
[2025-07-31 16:25:22] INFO: 状态更新成功: 状态更新成功
[2025-07-31 16:25:22] INFO: 📍 位置: Warehouse, 🔋 电池: 100%
[2025-07-31 16:25:24] INFO: 获取订单成功，订单数量: 1
[2025-07-31 16:25:27] INFO: 获取订单成功，订单数量: 1
[2025-07-31 16:25:27] INFO: 状态更新成功: 状态更新成功
[2025-07-31 16:25:27] INFO: 📍 位置: Warehouse, 🔋 电池: 100%
[2025-07-31 16:25:30] INFO: 获取订单成功，订单数量: 1
[2025-07-31 16:25:32] INFO: 状态更新成功: 状态更新成功
[2025-07-31 16:25:32] INFO: 📍 位置: Warehouse, 🔋 电池: 100%
[2025-07-31 16:25:33] INFO: 获取订单成功，订单数量: 1
[2025-07-31 16:25:36] INFO: 获取订单成功，订单数量: 1
[2025-07-31 16:25:37] INFO: 状态更新成功: 状态更新成功
[2025-07-31 16:25:37] INFO: 📍 位置: Warehouse, 🔋 电池: 100%
[2025-07-31 16:25:39] INFO: 获取订单成功，订单数量: 1
[2025-07-31 16:25:42] INFO: 获取订单成功，订单数量: 1
[2025-07-31 16:25:42] INFO: 状态更新成功: 状态更新成功
[2025-07-31 16:25:42] INFO: 📍 位置: Warehouse, 🔋 电池: 100%
[2025-07-31 16:25:45] INFO: 获取订单成功，订单数量: 1
[2025-07-31 16:25:47] INFO: 状态更新成功: 状态更新成功
[2025-07-31 16:25:47] INFO: 📍 位置: Warehouse, 🔋 电池: 100%
[2025-07-31 16:25:48] INFO: 获取订单成功，订单数量: 1
[2025-07-31 16:25:51] INFO: 获取订单成功，订单数量: 1
[2025-07-31 16:25:52] INFO: 状态更新成功: 状态更新成功
[2025-07-31 16:25:52] INFO: 📍 位置: Warehouse, 🔋 电池: 100%
[2025-07-31 16:25:54] INFO: 获取订单成功，订单数量: 1
[2025-07-31 16:25:57] INFO: 获取订单成功，订单数量: 1
[2025-07-31 16:25:57] INFO: 状态更新成功: 状态更新成功
[2025-07-31 16:25:57] INFO: 📍 位置: Warehouse, 🔋 电池: 100%
[2025-07-31 16:26:00] INFO: 获取订单成功，订单数量: 1
[2025-07-31 16:26:02] INFO: 状态更新成功: 状态更新成功
[2025-07-31 16:26:02] INFO: 📍 位置: Warehouse, 🔋 电池: 100%
[2025-07-31 16:26:03] INFO: 获取订单成功，订单数量: 1
[2025-07-31 16:26:06] INFO: 获取订单成功，订单数量: 1
[2025-07-31 16:26:07] INFO: 状态更新成功: 状态更新成功
[2025-07-31 16:26:07] INFO: 📍 位置: Warehouse, 🔋 电池: 100%
[2025-07-31 16:26:09] INFO: 获取订单成功，订单数量: 1
[2025-07-31 16:26:12] INFO: 获取订单成功，订单数量: 1
[2025-07-31 16:26:12] INFO: 状态更新成功: 状态更新成功
[2025-07-31 16:26:12] INFO: 📍 位置: Warehouse, 🔋 电池: 100%
[2025-07-31 16:26:15] INFO: 获取订单成功，订单数量: 1
[2025-07-31 16:26:17] INFO: 状态更新成功: 状态更新成功
[2025-07-31 16:26:17] INFO: 📍 位置: Warehouse, 🔋 电池: 100%
[2025-07-31 16:26:18] INFO: 获取订单成功，订单数量: 1
[2025-07-31 16:26:21] INFO: 获取订单成功，订单数量: 1
[2025-07-31 16:26:22] INFO: 状态更新成功: 状态更新成功
[2025-07-31 16:26:22] INFO: 📍 位置: Warehouse, 🔋 电池: 100%
[2025-07-31 16:26:24] INFO: 获取订单成功，订单数量: 1
[2025-07-31 16:26:27] INFO: 获取订单成功，订单数量: 1
[2025-07-31 16:26:27] INFO: 状态更新成功: 状态更新成功
[2025-07-31 16:26:27] INFO: 📍 位置: Warehouse, 🔋 电池: 100%
[2025-07-31 16:26:30] INFO: 获取订单成功，订单数量: 1
[2025-07-31 16:26:32] INFO: 状态更新成功: 状态更新成功
[2025-07-31 16:26:32] INFO: 📍 位置: Warehouse, 🔋 电池: 100%
[2025-07-31 16:26:33] INFO: 获取订单成功，订单数量: 1
[2025-07-31 16:26:36] INFO: 获取订单成功，订单数量: 1
